app/build/intermediates/manifest_merge_blame_file/debug/manifest-merger-blame-debug-report.txt
1<?xml version="1.0" encoding="utf-8"?>
2<manifest xmlns:android="http://schemas.android.com/apk/res/android"
3    package="com.projects.enzoftware.metalball"
4    android:versionCode="1"
5    android:versionName="1.0" >
6
7    <uses-sdk
8        android:minSdkVersion="19"
9        android:targetSdkVersion="33" />
10
11    <uses-permission android:name="android.permission.VIBRATE" />
11-->src\main\AndroidManifest.xml:3:5-66
11-->src\main\AndroidManifest.xml:3:22-63
12
13    <application
13-->src\main\AndroidManifest.xml:4:5-20:19
14        android:allowBackup="true"
14-->src\main\AndroidManifest.xml:5:9-35
15        android:appComponentFactory="androidx.core.app.CoreComponentFactory"
15-->[androidx.core:core:1.5.0] AndroidManifest.xml:24:18-86
16        android:debuggable="true"
17        android:exported="true"
17-->src\main\AndroidManifest.xml:8:9-32
18        android:extractNativeLibs="true"
19        android:icon="@mipmap/ic_launcher"
19-->src\main\AndroidManifest.xml:6:9-43
20        android:label="@string/app_name"
20-->src\main\AndroidManifest.xml:7:9-41
21        android:roundIcon="@mipmap/ic_launcher_round"
21-->src\main\AndroidManifest.xml:9:9-54
22        android:supportsRtl="true"
22-->src\main\AndroidManifest.xml:10:9-35
23        android:testOnly="true"
24        android:theme="@style/AppTheme" >
24-->src\main\AndroidManifest.xml:11:9-40
25        <activity
25-->src\main\AndroidManifest.xml:12:9-19:20
26            android:name="com.projects.enzoftware.metalball.MetalBall"
26-->src\main\AndroidManifest.xml:12:19-44
27            android:exported="true" >
27-->src\main\AndroidManifest.xml:13:13-36
28            <intent-filter>
28-->src\main\AndroidManifest.xml:14:13-18:29
29                <action android:name="android.intent.action.MAIN" />
29-->src\main\AndroidManifest.xml:15:17-69
29-->src\main\AndroidManifest.xml:15:25-66
30
31                <category android:name="android.intent.category.LAUNCHER" />
31-->src\main\AndroidManifest.xml:17:17-77
31-->src\main\AndroidManifest.xml:17:27-74
32            </intent-filter>
33        </activity>
34    </application>
35
36</manifest>